Running: C:\Xilinx\14.7\ISE_DS\ISE\bin\nt64\unwrapped\fuse.exe -intstyle ise -incremental -o C:/Labs/display_driver/driver_7seg_isim_beh.exe -prj C:/Labs/display_driver/driver_7seg_beh.prj work.driver_7seg 
ISim P.20131013 (signature 0x7708f090)
Number of CPUs detected in this system: 8
Turning on mult-threading, number of parallel sub-compilation jobs: 16 
Determining compilation order of HDL files
Parsing VHDL file "C:/Labs/display_driver/hex_to_7seg.vhd" into library work
Parsing VHDL file "C:/Labs/display_driver/clock_enable.vhd" into library work
Parsing VHDL file "C:/Labs/display_driver/driver_7seg.vhd" into library work
Starting static elaboration
Completed static elaboration
Compiling package standard
Compiling package std_logic_1164
Compiling package std_logic_arith
Compiling package std_logic_unsigned
Compiling architecture behavioral of entity clock_enable [\clock_enable(('0','0','0','0','...]
Compiling architecture behavioral of entity hex_to_7seg [hex_to_7seg_default]
Compiling architecture behavioral of entity driver_7seg
Time Resolution for simulation is 1ps.
Compiled 9 VHDL Units
Built simulation executable C:/Labs/display_driver/driver_7seg_isim_beh.exe
Fuse Memory Usage: 35164 KB
Fuse CPU Usage: 390 ms
